SF:lib\log\log_wrapper.dart
DA:8,12
DA:11,2
DA:14,2
DA:17,0
DA:20,10
DA:25,6
DA:26,18
DA:28,24
DA:29,18
DA:31,18
LF:10
LH:9
end_of_record
SF:lib\log\logger.dart
DA:5,18
DA:13,12
DA:22,6
DA:23,24
DA:26,6
DA:28,6
DA:29,6
DA:30,12
DA:31,24
DA:32,2
DA:34,24
DA:37,6
DA:39,5
DA:41,1
DA:42,2
DA:46,18
DA:49,0
DA:50,0
DA:51,0
DA:53,0
DA:55,0
DA:57,0
DA:59,0
DA:68,1
DA:71,1
DA:72,1
DA:76,0
DA:80,1
DA:81,2
DA:82,1
DA:85,1
DA:87,0
DA:89,2
DA:92,2
LF:34
LH:25
end_of_record
SF:lib\constants\app_constants.dart
DA:12,0
LF:1
LH:0
end_of_record
SF:lib\models\barcode_format.dart
DA:25,9
DA:37,12
DA:38,10
DA:39,0
DA:41,2
DA:42,2
DA:43,4
DA:44,2
DA:45,4
DA:46,0
DA:47,0
DA:52,2
DA:53,2
DA:54,4
DA:55,0
DA:56,0
DA:57,0
DA:58,0
DA:222,0
DA:224,0
DA:230,0
DA:231,0
DA:234,2
DA:235,10
DA:238,0
DA:247,13
DA:254,15
DA:255,12
DA:263,13
DA:274,2
LF:30
LH:18
end_of_record
SF:lib\models\qr_data_provider.dart
DA:15,0
DA:16,0
DA:17,0
DA:18,0
DA:21,0
DA:22,0
DA:24,0
DA:25,0
DA:26,0
DA:27,0
DA:28,0
DA:29,0
DA:30,0
DA:34,0
DA:35,0
DA:36,0
DA:38,0
DA:46,0
DA:47,0
DA:50,0
DA:53,0
DA:55,0
DA:59,0
DA:60,0
DA:61,0
DA:62,0
DA:65,0
DA:66,0
DA:67,0
DA:68,0
DA:69,0
DA:72,0
DA:74,0
DA:75,0
DA:76,0
LF:35
LH:0
end_of_record
SF:lib\providers\barcode_provider.dart
DA:23,6
DA:24,10
DA:25,10
DA:26,8
DA:27,9
DA:29,5
DA:30,15
DA:33,5
DA:35,9
DA:36,10
DA:37,5
DA:40,3
DA:41,12
DA:42,3
DA:43,12
DA:44,3
DA:45,3
DA:49,4
DA:50,8
DA:51,12
DA:52,4
DA:56,4
DA:57,8
DA:58,8
DA:60,12
DA:62,4
DA:63,4
DA:65,4
DA:69,8
DA:70,12
DA:71,12
DA:75,8
DA:76,6
DA:77,6
DA:81,4
DA:84,4
DA:85,4
DA:86,4
DA:88,4
DA:89,3
DA:91,3
DA:95,3
DA:101,4
DA:102,0
DA:104,0
DA:106,0
DA:110,0
DA:115,4
DA:118,4
DA:119,3
DA:120,12
DA:121,3
DA:122,6
DA:124,15
DA:127,2
DA:129,5
DA:135,6
DA:136,0
DA:137,0
DA:138,0
DA:141,0
DA:147,6
DA:148,9
DA:149,4
DA:151,10
DA:153,15
DA:154,4
DA:162,0
DA:163,0
DA:164,0
DA:166,0
DA:172,4
DA:173,4
DA:174,6
DA:176,6
DA:180,4
DA:181,4
DA:188,4
DA:191,12
DA:192,4
DA:193,4
DA:194,3
DA:198,4
DA:201,4
DA:202,4
DA:204,8
DA:205,4
DA:206,6
DA:208,3
DA:209,3
DA:210,1
DA:211,0
DA:212,0
DA:214,0
DA:217,3
DA:218,2
DA:220,3
DA:221,0
DA:226,4
DA:229,8
DA:231,4
DA:232,8
DA:238,6
DA:240,9
DA:241,12
DA:243,0
DA:244,0
DA:247,1
DA:248,2
DA:252,4
DA:267,12
DA:270,4
DA:271,4
DA:272,12
DA:275,3
DA:276,6
DA:277,3
DA:279,1
DA:281,1
DA:283,0
DA:286,0
DA:290,4
DA:291,4
DA:295,3
DA:298,6
DA:299,3
DA:301,2
DA:302,2
DA:310,3
DA:311,6
DA:312,3
DA:313,3
DA:319,3
DA:320,3
DA:324,0
DA:325,0
DA:326,0
DA:329,0
DA:330,0
DA:332,0
DA:333,0
DA:334,0
DA:335,0
DA:336,0
DA:345,0
DA:346,0
DA:350,0
DA:352,0
LF:148
LH:114
end_of_record
SF:lib\utils\checksum_calculator.dart
DA:7,1
DA:8,1
DA:13,1
DA:14,1
DA:15,1
DA:16,1
DA:17,1
DA:18,1
DA:19,1
DA:20,1
DA:27,1
DA:28,1
DA:34,1
DA:37,0
DA:40,0
DA:43,0
DA:50,2
DA:54,3
DA:55,4
DA:56,1
DA:58,1
DA:61,1
DA:62,2
DA:66,1
DA:67,2
DA:68,1
DA:72,3
DA:73,2
DA:76,4
DA:79,3
DA:84,1
DA:85,2
DA:86,0
DA:93,3
DA:94,2
DA:96,4
DA:99,3
DA:104,1
DA:105,2
DA:106,0
DA:110,3
DA:111,2
DA:114,4
DA:117,3
DA:122,1
DA:123,2
DA:124,0
DA:128,3
DA:129,2
DA:132,4
DA:135,3
LF:51
LH:45
end_of_record
SF:lib\providers\scan_provider.dart
DA:13,0
DA:14,0
DA:15,4
DA:16,4
DA:17,4
DA:18,4
DA:19,0
DA:21,0
DA:22,0
DA:23,0
DA:26,0
DA:27,0
DA:28,0
DA:31,0
DA:32,0
DA:33,0
DA:36,0
DA:37,0
DA:38,0
DA:41,0
DA:42,0
DA:43,0
DA:46,0
DA:47,0
DA:48,0
DA:51,0
DA:52,0
DA:53,0
DA:54,0
DA:57,0
DA:58,0
DA:59,0
DA:62,0
DA:63,0
DA:64,0
LF:35
LH:4
end_of_record
SF:lib\main.dart
DA:17,0
DA:18,0
DA:19,0
DA:21,0
DA:22,0
DA:33,0
DA:34,0
DA:35,0
DA:36,0
DA:39,0
DA:40,0
DA:41,0
DA:42,0
DA:43,0
DA:44,0
DA:52,4
DA:55,0
DA:57,0
DA:59,0
DA:75,0
DA:83,5
DA:87,1
DA:88,1
DA:96,1
DA:97,2
DA:98,1
DA:100,3
DA:103,1
DA:106,1
DA:107,1
DA:110,1
DA:115,1
DA:116,1
DA:117,1
DA:118,2
DA:119,1
DA:120,1
DA:122,1
DA:123,1
DA:124,2
DA:126,1
DA:127,1
DA:128,1
DA:133,1
DA:134,2
DA:136,1
DA:137,1
DA:138,1
DA:145,1
DA:146,1
DA:147,1
DA:148,1
DA:150,1
DA:152,1
DA:153,2
DA:154,1
DA:161,1
DA:163,1
DA:165,1
DA:166,2
DA:167,1
DA:172,1
LF:62
LH:43
end_of_record
SF:lib\screens\generate_screen.dart
DA:11,5
DA:13,2
DA:14,2
DA:20,2
DA:22,4
DA:23,2
DA:26,2
DA:28,2
DA:30,2
DA:31,2
DA:33,2
DA:35,2
DA:37,2
DA:38,2
DA:39,2
DA:41,2
DA:42,2
DA:43,2
DA:44,2
DA:46,1
DA:47,0
DA:48,0
DA:49,0
DA:51,1
DA:58,2
DA:59,4
DA:63,2
DA:64,2
DA:78,2
DA:79,2
DA:80,2
DA:81,2
DA:83,2
DA:85,2
DA:86,1
DA:87,1
DA:89,1
DA:90,2
DA:91,1
DA:92,0
DA:93,0
DA:100,2
DA:101,4
DA:104,2
DA:114,2
DA:116,2
DA:118,2
DA:119,2
DA:120,6
DA:124,2
DA:125,6
DA:129,2
DA:130,6
DA:131,2
DA:133,4
DA:135,2
DA:136,4
DA:153,2
DA:156,2
DA:157,2
DA:158,2
DA:159,2
DA:160,2
DA:161,2
DA:162,1
DA:163,3
DA:164,1
DA:167,2
DA:168,2
DA:172,2
DA:173,2
DA:174,2
DA:175,4
DA:180,2
DA:181,2
DA:182,4
DA:187,2
DA:188,2
DA:189,4
DA:191,4
DA:195,6
DA:196,4
DA:197,4
DA:201,2
DA:207,2
DA:210,4
DA:211,2
DA:213,2
DA:214,2
LF:89
LH:84
end_of_record
SF:lib\screens\scan_screen.dart
DA:15,5
DA:17,2
DA:18,2
DA:22,0
DA:23,0
DA:24,0
DA:25,0
DA:28,0
DA:29,0
DA:30,0
DA:31,0
DA:32,0
DA:33,0
DA:34,0
DA:44,2
DA:46,4
DA:47,2
DA:50,0
DA:51,0
DA:52,0
DA:55,0
DA:56,0
DA:58,0
DA:59,0
DA:60,0
DA:61,0
DA:62,0
DA:63,0
DA:65,0
DA:67,0
DA:68,0
DA:69,0
DA:72,0
DA:73,0
DA:77,2
DA:79,2
DA:81,2
DA:82,2
DA:83,2
DA:84,2
DA:85,0
DA:86,0
DA:87,0
DA:90,2
DA:91,0
DA:92,0
DA:93,2
DA:94,2
DA:95,2
DA:96,2
DA:98,2
DA:99,2
DA:100,2
DA:101,2
DA:102,2
DA:103,2
DA:104,0
DA:120,2
DA:121,2
DA:124,2
DA:125,2
DA:126,2
DA:128,2
DA:129,2
DA:130,0
DA:131,0
DA:134,4
DA:135,0
DA:136,0
DA:137,0
DA:140,0
DA:141,0
DA:142,0
DA:143,0
DA:144,0
DA:145,0
DA:151,2
LF:77
LH:32
end_of_record
SF:lib\screens\log_view.dart
DA:8,1
DA:10,1
DA:11,3
DA:14,1
DA:16,1
DA:17,1
DA:18,1
DA:20,1
DA:21,1
DA:23,1
DA:24,2
DA:25,1
DA:27,1
DA:28,1
DA:29,2
DA:30,2
DA:31,1
DA:32,1
DA:33,1
DA:34,1
DA:35,1
DA:37,3
DA:38,3
DA:39,1
DA:40,2
DA:42,2
DA:46,1
DA:52,1
DA:53,2
DA:54,2
DA:55,1
DA:56,1
DA:57,2
DA:58,1
DA:60,1
DA:61,1
DA:64,1
DA:66,2
DA:68,2
LF:39
LH:39
end_of_record
SF:lib\screens\format_selection_screen.dart
DA:9,2
DA:15,2
DA:16,2
DA:23,6
DA:25,2
DA:29,4
DA:30,0
DA:34,4
DA:35,2
DA:36,5
DA:37,5
DA:38,1
DA:44,2
DA:46,2
DA:47,2
DA:49,6
DA:51,2
DA:52,2
DA:54,2
DA:56,2
DA:57,2
DA:59,2
DA:65,1
DA:66,2
DA:67,1
DA:73,2
DA:75,2
DA:76,6
DA:77,4
DA:78,2
DA:80,2
DA:81,2
DA:83,0
DA:84,0
DA:85,0
DA:90,2
DA:97,2
DA:98,2
DA:99,4
DA:100,2
DA:101,4
DA:102,10
DA:104,2
DA:106,2
DA:107,2
DA:110,2
DA:112,6
DA:113,2
DA:114,2
DA:116,6
DA:119,2
DA:120,4
DA:122,4
DA:126,2
DA:127,2
DA:128,2
DA:130,4
DA:133,2
DA:135,2
DA:136,4
DA:138,2
DA:139,2
DA:140,2
DA:142,2
DA:143,2
DA:144,2
DA:146,2
DA:147,4
DA:152,2
DA:154,2
DA:155,2
DA:156,2
DA:158,2
DA:159,2
DA:168,6
DA:170,0
DA:171,0
DA:172,0
DA:173,0
DA:185,2
DA:187,2
DA:189,0
DA:191,0
LF:83
LH:73
end_of_record
SF:lib\models\clipboard_image_source.dart
DA:9,0
DA:12,0
DA:13,0
DA:15,0
DA:17,0
DA:19,0
DA:25,0
DA:27,0
DA:28,0
DA:30,0
DA:32,0
DA:34,0
LF:12
LH:0
end_of_record
SF:lib\models\file_image_source.dart
DA:13,0
DA:15,0
DA:16,0
DA:18,0
DA:21,0
DA:23,0
DA:24,0
DA:27,0
DA:28,0
DA:29,0
DA:30,0
DA:32,0
DA:33,0
DA:34,0
DA:37,0
DA:39,0
DA:42,0
DA:44,0
DA:47,0
DA:48,0
DA:49,0
DA:52,0
DA:53,0
DA:54,0
DA:57,0
DA:59,0
DA:61,0
DA:63,0
DA:65,0
DA:67,0
LF:30
LH:0
end_of_record
SF:lib\utils\image_processor.dart
DA:7,0
DA:8,0
DA:9,0
DA:10,0
DA:13,0
DA:14,0
DA:15,0
DA:16,0
DA:17,0
DA:18,0
DA:19,0
DA:28,0
DA:29,0
DA:30,0
DA:31,0
DA:34,0
DA:35,0
DA:38,0
LF:18
LH:0
end_of_record
